<?xml version="1.0" encoding="UTF-8"?>
<testsuite xmlns:xsi="http://www.w3.org/2001/XMLSchema-instance" xsi:noNamespaceSchemaLocation="https://maven.apache.org/surefire/maven-surefire-plugin/xsd/surefire-test-report-3.0.xsd" version="3.0" name="TestSuite" time="191.461" tests="2" errors="0" skipped="0" failures="1">
  <properties>
[...]
</properties>
  <testcase name="validateAllTheDetailsOfthePatient" classname="com.atmecs.openmrs.testscripts.LoginTest" time="14.46">
    <system-err><![CDATA[Starting ChromeDriver 87.0.4280.20 (c99e81631faa0b2a448e658c0dbd8311fb04ddbd-refs/branch-heads/4280@{#355}) on port 27162
Only local connections are allowed.
Please see https://chromedriver.chromium.org/security-considerations for suggestions on keeping ChromeDriver safe.
ChromeDriver was started successfully.
Dec 18, 2020 6:22:53 PM org.openqa.selenium.remote.ProtocolHandshake createSession
INFO: Detected dialect: W3C
Dec 18, 2020 6:23:10 PM com.atmecs.openmrs.utils.LogReporter info
INFO: PASS : HomePageTitleAssertion: ACTUAL : Home 	EXPECTED :Home
Dec 18, 2020 6:23:14 PM com.atmecs.openmrs.utils.LogReporter info
INFO: PASS : FindPatientPageTitleAssertion: ACTUAL : Find Patient Record 	EXPECTED :Find Patient Record
Dec 18, 2020 6:23:16 PM com.atmecs.openmrs.utils.LogReporter info
INFO: PASS : PatientName IsDisplayed
Dec 18, 2020 6:23:16 PM com.atmecs.openmrs.utils.LogReporter info
INFO: PASS : Gender IsDisplayed
Dec 18, 2020 6:23:16 PM com.atmecs.openmrs.utils.LogReporter info
INFO: PASS : Age IsDisplayed
Dec 18, 2020 6:23:16 PM com.atmecs.openmrs.utils.LogReporter info
INFO: PASS : PatientName IsDisplayed
Dec 18, 2020 6:23:19 PM com.atmecs.openmrs.utils.LogReporter info
INFO: PASS : LoginPageTitleAssertion: ACTUAL : LOGIN 	EXPECTED :LOGIN
]]></system-err>
  </testcase>
  <testcase name="validatePatientRegistrationAndMerging" classname="com.atmecs.openmrs.testscripts.RegisterPatientTest" time="135.439">
    <failure message="Cannot locate an element using xpath=//i[@class=&apos;icon-hdd&apos;]&#10;For documentation on this error, please visit: https://www.seleniumhq.org/exceptions/no_such_element.html&#10;Build info: version: &apos;3.141.59&apos;, revision: &apos;e82be7d358&apos;, time: &apos;2018-11-14T08:17:03&apos;&#10;System info: host: &apos;ATMECSINLT-711&apos;, ip: &apos;192.168.63.1&apos;, os.name: &apos;Windows 10&apos;, os.arch: &apos;amd64&apos;, os.version: &apos;10.0&apos;, java.version: &apos;1.8.0_261&apos;&#10;Driver info: driver.version: RemoteWebDriver" type="org.openqa.selenium.NoSuchElementException"><![CDATA[org.openqa.selenium.NoSuchElementException: 
Cannot locate an element using xpath=//i[@class='icon-hdd']
For documentation on this error, please visit: https://www.seleniumhq.org/exceptions/no_such_element.html
Build info: version: '3.141.59', revision: 'e82be7d358', time: '2018-11-14T08:17:03'
System info: host: 'ATMECSINLT-711', ip: '192.168.63.1', os.name: 'Windows 10', os.arch: 'amd64', os.version: '10.0', java.version: '1.8.0_261'
Driver info: driver.version: RemoteWebDriver
	at com.atmecs.openmrs.testscripts.RegisterPatientTest.validatePatientRegistrationAndMerging(RegisterPatientTest.java:22)
]]></failure>
    <system-out><![CDATA[patient one id=>100MPR
patient two id=>100MRN
100MPR 100MRN in mergepatientData
]]></system-out>
    <system-err><![CDATA[Starting ChromeDriver 87.0.4280.20 (c99e81631faa0b2a448e658c0dbd8311fb04ddbd-refs/branch-heads/4280@{#355}) on port 19027
Only local connections are allowed.
Please see https://chromedriver.chromium.org/security-considerations for suggestions on keeping ChromeDriver safe.
ChromeDriver was started successfully.
Dec 18, 2020 6:23:24 PM org.openqa.selenium.remote.ProtocolHandshake createSession
INFO: Detected dialect: W3C
Dec 18, 2020 6:25:02 PM com.atmecs.openmrs.utils.LogReporter info
INFO: PASS : FindPatientPageTitleAssertion: ACTUAL : Find Patient Record 	EXPECTED :Find Patient Record
Dec 18, 2020 6:25:03 PM com.atmecs.openmrs.utils.LogReporter info
INFO: PASS : PatientName IsDisplayed
Dec 18, 2020 6:25:03 PM com.atmecs.openmrs.utils.LogReporter info
INFO: ELEMENTNOTFOUND
Dec 18, 2020 6:25:03 PM com.atmecs.openmrs.utils.LogReporter info
INFO: PASS : Age IsDisplayed
Dec 18, 2020 6:25:04 PM com.atmecs.openmrs.utils.LogReporter info
INFO: PASS : DOB IsDisplayed
]]></system-err>
  </testcase>
</testsuite>