<?xml version="1.0" encoding="UTF-8"?>
<testng-results skipped="0" failed="1" total="2" passed="1">
  <reporter-output>
    <line>
      <![CDATA[PASS : HomePageTitleAssertion: ACTUAL : Home 	EXPECTED :Home]]>
    </line>
    <line>
      <![CDATA[PASS : FindPatientPageTitleAssertion: ACTUAL : Find Patient Record 	EXPECTED :Find Patient Record]]>
    </line>
    <line>
      <![CDATA[PASS : PatientName IsDisplayed]]>
    </line>
    <line>
      <![CDATA[PASS : Gender IsDisplayed]]>
    </line>
    <line>
      <![CDATA[PASS : Age IsDisplayed]]>
    </line>
    <line>
      <![CDATA[PASS : PatientName IsDisplayed]]>
    </line>
    <line>
      <![CDATA[PASS : LoginPageTitleAssertion: ACTUAL : LOGIN 	EXPECTED :LOGIN]]>
    </line>
    <line>
      <![CDATA[PASS : FindPatientPageTitleAssertion: ACTUAL : Find Patient Record 	EXPECTED :Find Patient Record]]>
    </line>
    <line>
      <![CDATA[PASS : PatientName IsDisplayed]]>
    </line>
    <line>
      <![CDATA[PASS : Age IsDisplayed]]>
    </line>
    <line>
      <![CDATA[PASS : DOB IsDisplayed]]>
    </line>
  </reporter-output>
  <suite name="Regression Testing" duration-ms="189442" started-at="2020-12-18T18:22:45Z" finished-at="2020-12-18T18:25:54Z">
    <groups>
    </groups>
    <test name="validatePatientRegistrationAndMerging" duration-ms="153189" started-at="2020-12-18T18:23:21Z" finished-at="2020-12-18T18:25:54Z">
      <class name="com.atmecs.openmrs.testscripts.RegisterPatientTest">
        <test-method status="PASS" signature="openBrowser()" name="openBrowser" is-config="true" duration-ms="15935" started-at="2020-12-18T18:23:21Z" finished-at="2020-12-18T18:23:37Z">
        </test-method>
        <test-method status="FAIL" signature="validatePatientRegistrationAndMerging()" name="validatePatientRegistrationAndMerging" duration-ms="135432" started-at="2020-12-18T18:23:37Z" finished-at="2020-12-18T18:25:52Z">
          <exception class="org.openqa.selenium.NoSuchElementException">
            <message>
              <![CDATA[Cannot locate an element using xpath=//i[@class='icon-hdd']
For documentation on this error, please visit: https://www.seleniumhq.org/exceptions/no_such_element.html
Build info: version: '3.141.59', revision: 'e82be7d358', time: '2018-11-14T08:17:03'
System info: host: 'ATMECSINLT-711', ip: '192.168.63.1', os.name: 'Windows 10', os.arch: 'amd64', os.version: '10.0', java.version: '1.8.0_261'
Driver info: driver.version: RemoteWebDriver]]>
            </message>
            <full-stacktrace>
              <![CDATA[org.openqa.selenium.NoSuchElementException: Cannot locate an element using xpath=//i[@class='icon-hdd']
For documentation on this error, please visit: https://www.seleniumhq.org/exceptions/no_such_element.html
Build info: version: '3.141.59', revision: 'e82be7d358', time: '2018-11-14T08:17:03'
System info: host: 'ATMECSINLT-711', ip: '192.168.63.1', os.name: 'Windows 10', os.arch: 'amd64', os.version: '10.0', java.version: '1.8.0_261'
Driver info: driver.version: RemoteWebDriver
	at org.openqa.selenium.remote.RemoteWebDriver.findElement(RemoteWebDriver.java:327)
	at org.openqa.selenium.remote.RemoteWebDriver.findElementByXPath(RemoteWebDriver.java:428)
	at org.openqa.selenium.By$ByXPath.findElement(By.java:353)
	at org.openqa.selenium.remote.RemoteWebDriver.findElement(RemoteWebDriver.java:315)
	at com.atmecs.openmrs.utils.CommonUtils.findsWebelement(CommonUtils.java:21)
	at com.atmecs.openmrs.utils.CommonUtils.clickElement(CommonUtils.java:74)
	at com.atmecs.openmrs.pages.RegisterPatient.mergePatientData(RegisterPatient.java:110)
	at com.atmecs.openmrs.testscripts.RegisterPatientTest.validatePatientRegistrationAndMerging(RegisterPatientTest.java:22)
	at sun.reflect.NativeMethodAccessorImpl.invoke0(Native Method)
	at sun.reflect.NativeMethodAccessorImpl.invoke(NativeMethodAccessorImpl.java:62)
	at sun.reflect.DelegatingMethodAccessorImpl.invoke(DelegatingMethodAccessorImpl.java:43)
	at java.lang.reflect.Method.invoke(Method.java:498)
	at org.testng.internal.MethodInvocationHelper.invokeMethod(MethodInvocationHelper.java:80)
	at org.testng.internal.Invoker.invokeMethod(Invoker.java:673)
	at org.testng.internal.Invoker.invokeTestMethod(Invoker.java:842)
	at org.testng.internal.Invoker.invokeTestMethods(Invoker.java:1166)
	at org.testng.internal.TestMethodWorker.invokeTestMethods(TestMethodWorker.java:125)
	at org.testng.internal.TestMethodWorker.run(TestMethodWorker.java:109)
	at org.testng.TestRunner.runWorkers(TestRunner.java:1178)
	at org.testng.TestRunner.privateRun(TestRunner.java:757)
	at org.testng.TestRunner.run(TestRunner.java:608)
	at org.testng.SuiteRunner.runTest(SuiteRunner.java:334)
	at org.testng.SuiteRunner.runSequentially(SuiteRunner.java:329)
	at org.testng.SuiteRunner.privateRun(SuiteRunner.java:291)
	at org.testng.SuiteRunner.run(SuiteRunner.java:240)
	at org.testng.SuiteRunnerWorker.runSuite(SuiteRunnerWorker.java:52)
	at org.testng.SuiteRunnerWorker.run(SuiteRunnerWorker.java:86)
	at org.testng.TestNG.runSuitesSequentially(TestNG.java:1158)
	at org.testng.TestNG.runSuitesLocally(TestNG.java:1083)
	at org.testng.TestNG.run(TestNG.java:999)
	at org.apache.maven.surefire.testng.TestNGExecutor.run(TestNGExecutor.java:284)
	at org.apache.maven.surefire.testng.TestNGXmlTestSuite.execute(TestNGXmlTestSuite.java:75)
	at org.apache.maven.surefire.testng.TestNGProvider.invoke(TestNGProvider.java:119)
	at org.apache.maven.surefire.booter.ForkedBooter.runSuitesInProcess(ForkedBooter.java:428)
	at org.apache.maven.surefire.booter.ForkedBooter.execute(ForkedBooter.java:162)
	at org.apache.maven.surefire.booter.ForkedBooter.run(ForkedBooter.java:562)
	at org.apache.maven.surefire.booter.ForkedBooter.main(ForkedBooter.java:548)
]]>
            </full-stacktrace>
          </exception>
        </test-method>
        <test-method status="PASS" signature="quitBrowser()" name="quitBrowser" is-config="true" duration-ms="1802" started-at="2020-12-18T18:25:52Z" finished-at="2020-12-18T18:25:54Z">
        </test-method>
      </class>
    </test>
    <test name="ValidatePatientDetails" duration-ms="36174" started-at="2020-12-18T18:22:45Z" finished-at="2020-12-18T18:23:21Z">
      <class name="com.atmecs.openmrs.testscripts.LoginTest">
        <test-method status="PASS" signature="openBrowser()" name="openBrowser" is-config="true" duration-ms="20085" started-at="2020-12-18T18:22:45Z" finished-at="2020-12-18T18:23:05Z">
        </test-method>
        <test-method status="PASS" signature="validateAllTheDetailsOfthePatient()" name="validateAllTheDetailsOfthePatient" duration-ms="14461" started-at="2020-12-18T18:23:05Z" finished-at="2020-12-18T18:23:19Z">
        </test-method>
        <test-method status="PASS" signature="quitBrowser()" name="quitBrowser" is-config="true" duration-ms="1612" started-at="2020-12-18T18:23:19Z" finished-at="2020-12-18T18:23:21Z">
        </test-method>
      </class>
    </test>
  </suite>
</testng-results>
